<?xml version="1.0" encoding="UTF-8"?>
<testsuite name="co.com.services.Weelo.Runners.PostService" tests="0" skipped="0" failures="0" errors="0" timestamp="1970-01-01T00:00:00" hostname="BG-D-JNAVAS01" time="0.0">
  <properties/>
  <system-out><![CDATA[
2 Scenarios (?[32m2 passed?[0m)
4 Steps (?[32m4 passed?[0m)
0m1,134s

]]></system-out>
  <system-err><![CDATA[[Test worker] INFO net.thucydides.core.steps.ConsoleLoggingListener - Test Suite Started: As user i want to see the name, email and phone of candidate
[Test worker] INFO net.thucydides.core.steps.ConsoleLoggingListener - 
 _____ _____ ____ _____   ____ _____  _    ____ _____ _____ ____  
|_   _| ____/ ___|_   _| / ___|_   _|/ \  |  _ \_   _| ____|  _ \ 
  | | |  _| \___ \ | |   \___ \ | | / _ \ | |_) || | |  _| | | | |
  | | | |___ ___) || |    ___) || |/ ___ \|  _ < | | | |___| |_| |
  |_| |_____|____/ |_|   |____/ |_/_/   \_\_| \_\|_| |_____|____/ 
                                                                  

TEST STARTED: validate the information of candidate
-------------------------------------------------------------------(as-user-i-want-to-see-the-name--email-and-phone-of-candidate;validate-the-information-of-candidate)
[Test worker] INFO net.thucydides.core.steps.ConsoleLoggingListener - 
 _____ _____ ____ _____   ____ _____  _    ____ _____ _____ ____  
|_   _| ____/ ___|_   _| / ___|_   _|/ \  |  _ \_   _| ____|  _ \ 
  | | |  _| \___ \ | |   \___ \ | | / _ \ | |_) || | |  _| | | | |
  | | | |___ ___) || |    ___) || |/ ___ \|  _ < | | | |___| |_| |
  |_| |_____|____/ |_|   |____/ |_/_/   \_\_| \_\|_| |_____|____/ 
                                                                  

TEST STARTED: Validate code error with request fail
-------------------------------------------------------------------(as-user-i-want-to-see-the-name--email-and-phone-of-candidate;validate-code-error-with-request-fail)
]]></system-err>
</testsuite>
