<?xml version="1.0" encoding="UTF-8"?>
<testsuite name="As user i want to see the name, email and phone of candidate" tests="2" skipped="0" failures="0" errors="0" timestamp="2021-12-17T14:54:11" hostname="BG-D-JNAVAS01" time="1.124">
  <properties/>
  <testcase name="validate the information of candidate" classname="As user i want to see the name, email and phone of candidate" time="0.598"/>
  <testcase name="Validate code error with request fail" classname="As user i want to see the name, email and phone of candidate" time="0.518"/>
  <system-out><![CDATA[https://postman-echo.com/post
]]></system-out>
  <system-err><![CDATA[[Test worker] INFO net.thucydides.core.steps.ConsoleLoggingListener - STARTING STEP When send a request
[Test worker] INFO net.thucydides.core.steps.ConsoleLoggingListener - STARTING STEP Candidate executes a POST on the resource /post
[Test worker] INFO net.thucydides.core.steps.ConsoleLoggingListener - FINISHING STEP
[Test worker] INFO net.thucydides.core.steps.ConsoleLoggingListener - FINISHING STEP
[Test worker] INFO net.thucydides.core.steps.ConsoleLoggingListener - STARTING STEP Then validate status code 200 and the information
[Test worker] INFO net.thucydides.core.steps.ConsoleLoggingListener - STARTING STEP Was successfully created
[Test worker] INFO net.thucydides.core.steps.ConsoleLoggingListener - FINISHING STEP
[Test worker] INFO net.thucydides.core.steps.ConsoleLoggingListener - FINISHING STEP
[Test worker] INFO net.thucydides.core.steps.ConsoleLoggingListener - ?[92m
        __    _____ _____ ____ _____   ____   _    ____  ____  _____ ____  
  _     \ \  |_   _| ____/ ___|_   _| |  _ \ / \  / ___|/ ___|| ____|  _ \ 
 (_)_____| |   | | |  _| \___ \ | |   | |_) / _ \ \___ \\___ \|  _| | | | |
  _|_____| |   | | | |___ ___) || |   |  __/ ___ \ ___) |___) | |___| |_| |
 (_)     | |   |_| |_____|____/ |_|   |_| /_/   \_\____/|____/|_____|____/ 
        /_/                                                                

TEST PASSED: validate the information of candidate
----------------------------------------------------------------------------?[0m
[Test worker] INFO net.thucydides.core.steps.ConsoleLoggingListener - STARTING STEP When send a fail request
[Test worker] INFO net.thucydides.core.steps.ConsoleLoggingListener - STARTING STEP Candidate executes a POST on the resource 
[Test worker] INFO net.thucydides.core.steps.ConsoleLoggingListener - FINISHING STEP
[Test worker] INFO net.thucydides.core.steps.ConsoleLoggingListener - FINISHING STEP
[Test worker] INFO net.thucydides.core.steps.ConsoleLoggingListener - STARTING STEP Then Validate code error
[Test worker] INFO net.thucydides.core.steps.ConsoleLoggingListener - STARTING STEP Not Found
[Test worker] INFO net.thucydides.core.steps.ConsoleLoggingListener - FINISHING STEP
[Test worker] INFO net.thucydides.core.steps.ConsoleLoggingListener - FINISHING STEP
[Test worker] INFO net.thucydides.core.steps.ConsoleLoggingListener - ?[92m
        __    _____ _____ ____ _____   ____   _    ____  ____  _____ ____  
  _     \ \  |_   _| ____/ ___|_   _| |  _ \ / \  / ___|/ ___|| ____|  _ \ 
 (_)_____| |   | | |  _| \___ \ | |   | |_) / _ \ \___ \\___ \|  _| | | | |
  _|_____| |   | | | |___ ___) || |   |  __/ ___ \ ___) |___) | |___| |_| |
 (_)     | |   |_| |_____|____/ |_|   |_| /_/   \_\____/|____/|_____|____/ 
        /_/                                                                

TEST PASSED: Validate code error with request fail
----------------------------------------------------------------------------?[0m
]]></system-err>
</testsuite>
