<?xml version="1.0" encoding="UTF-8"?>
<testsuite name="As candidate want  to send two values" tests="1" skipped="0" failures="0" errors="0" timestamp="2021-12-17T14:22:55" hostname="BG-D-JNAVAS01" time="5.687">
  <properties/>
  <testcase name="Validate status 200 with two values" classname="As candidate want  to send two values" time="5.687"/>
  <system-out><![CDATA[https://postman-echo.com/get?value=33&value2=2
]]></system-out>
  <system-err><![CDATA[[Test worker] INFO net.thucydides.core.steps.ConsoleLoggingListener - STARTING STEP When Send request with two values
[Test worker] INFO net.thucydides.core.steps.ConsoleLoggingListener - STARTING STEP Candidate executes a GET on the resource /get?value=33&value2=2
[Test worker] INFO net.thucydides.core.steps.ConsoleLoggingListener - FINISHING STEP
[Test worker] INFO net.thucydides.core.steps.ConsoleLoggingListener - FINISHING STEP
[Test worker] INFO net.thucydides.core.steps.ConsoleLoggingListener - STARTING STEP Then Validate status 200 and URL
[Test worker] INFO net.thucydides.core.steps.ConsoleLoggingListener - STARTING STEP Ok
[Test worker] INFO net.thucydides.core.steps.ConsoleLoggingListener - FINISHING STEP
[Test worker] INFO net.thucydides.core.steps.ConsoleLoggingListener - FINISHING STEP
[Test worker] INFO net.thucydides.core.steps.ConsoleLoggingListener - ?[92m
        __    _____ _____ ____ _____   ____   _    ____  ____  _____ ____  
  _     \ \  |_   _| ____/ ___|_   _| |  _ \ / \  / ___|/ ___|| ____|  _ \ 
 (_)_____| |   | | |  _| \___ \ | |   | |_) / _ \ \___ \\___ \|  _| | | | |
  _|_____| |   | | | |___ ___) || |   |  __/ ___ \ ___) |___) | |___| |_| |
 (_)     | |   |_| |_____|____/ |_|   |_| /_/   \_\____/|____/|_____|____/ 
        /_/                                                                

TEST PASSED: Validate status 200 with two values
----------------------------------------------------------------------------?[0m
]]></system-err>
</testsuite>
